c:\users\remus\desktop\proiecte\study_contracts_gui\study_contracts_gui\x64\debug\study_contracts_gui.obj
c:\users\remus\desktop\proiecte\study_contracts_gui\study_contracts_gui\x64\debug\main.obj
c:\users\remus\desktop\proiecte\study_contracts_gui\study_contracts_gui\x64\debug\export.obj
c:\users\remus\desktop\proiecte\study_contracts_gui\study_contracts_gui\x64\debug\repository_contract.obj
c:\users\remus\desktop\proiecte\study_contracts_gui\study_contracts_gui\x64\debug\study_contract.obj
c:\users\remus\desktop\proiecte\study_contracts_gui\study_contracts_gui\x64\debug\testing.obj
c:\users\remus\desktop\proiecte\study_contracts_gui\study_contracts_gui\x64\debug\ui.obj
c:\users\remus\desktop\proiecte\study_contracts_gui\study_contracts_gui\x64\debug\contact_service.obj
c:\users\remus\desktop\proiecte\study_contracts_gui\study_contracts_gui\x64\debug\validator.obj
c:\users\remus\desktop\proiecte\study_contracts_gui\study_contracts_gui\x64\debug\contract.obj
c:\users\remus\desktop\proiecte\study_contracts_gui\study_contracts_gui\x64\debug\gui.obj
c:\users\remus\desktop\proiecte\study_contracts_gui\study_contracts_gui\x64\debug\vc143.pdb
c:\users\remus\desktop\proiecte\study_contracts_gui\study_contracts_gui\x64\debug\qrc_study_contracts_gui.obj
c:\users\remus\desktop\proiecte\study_contracts_gui\study_contracts_gui\x64\debug\moc_study_contracts_gui.obj
c:\users\remus\desktop\proiecte\study_contracts_gui\study_contracts_gui\x64\debug\contractshopgui.obj
c:\users\remus\desktop\proiecte\study_contracts_gui\study_contracts_gui\x64\debug\moc_gui.obj
c:\users\remus\desktop\proiecte\study_contracts_gui\study_contracts_gui\x64\debug\fakerepository.obj
c:\users\remus\desktop\proiecte\study_contracts_gui\x64\debug\study_contracts_gui.exe
c:\users\remus\desktop\proiecte\study_contracts_gui\x64\debug\study_contracts_gui.ilk
c:\users\remus\desktop\proiecte\study_contracts_gui\x64\debug\study_contracts_gui.pdb
c:\users\remus\desktop\proiecte\study_contracts_gui\study_contracts_gui\x64\debug\moc\moc_gui.cpp
c:\users\remus\desktop\proiecte\study_contracts_gui\study_contracts_gui\x64\debug\rcc\qrc_study_contracts_gui.cpp
c:\users\remus\desktop\proiecte\study_contracts_gui\study_contracts_gui\x64\debug\uic\ui_study_contracts_gui.h
c:\users\remus\desktop\proiecte\study_contracts_gui\study_contracts_gui\x64\debug\moc\moc_study_contracts_gui.cpp
c:\users\remus\desktop\proiecte\study_contracts_gui\study_contracts_gui\x64\debug\study_co.51740102.tlog\cl.command.1.tlog
c:\users\remus\desktop\proiecte\study_contracts_gui\study_contracts_gui\x64\debug\study_co.51740102.tlog\cl.read.1.tlog
c:\users\remus\desktop\proiecte\study_contracts_gui\study_contracts_gui\x64\debug\study_co.51740102.tlog\cl.write.1.tlog
c:\users\remus\desktop\proiecte\study_contracts_gui\study_contracts_gui\x64\debug\study_co.51740102.tlog\link.command.1.tlog
c:\users\remus\desktop\proiecte\study_contracts_gui\study_contracts_gui\x64\debug\study_co.51740102.tlog\link.read.1.tlog
c:\users\remus\desktop\proiecte\study_contracts_gui\study_contracts_gui\x64\debug\study_co.51740102.tlog\link.write.1.tlog
c:\users\remus\desktop\proiecte\study_contracts_gui\study_contracts_gui\x64\debug\study_co.51740102.tlog\moc.read.1u.tlog
c:\users\remus\desktop\proiecte\study_contracts_gui\study_contracts_gui\x64\debug\study_co.51740102.tlog\moc.write.1u.tlog
c:\users\remus\desktop\proiecte\study_contracts_gui\study_contracts_gui\x64\debug\study_co.51740102.tlog\rcc.read.1u.tlog
c:\users\remus\desktop\proiecte\study_contracts_gui\study_contracts_gui\x64\debug\study_co.51740102.tlog\rcc.write.1u.tlog
c:\users\remus\desktop\proiecte\study_contracts_gui\study_contracts_gui\x64\debug\study_co.51740102.tlog\study_contracts_gui.write.1u.tlog
c:\users\remus\desktop\proiecte\study_contracts_gui\study_contracts_gui\x64\debug\study_co.51740102.tlog\uic.read.1u.tlog
c:\users\remus\desktop\proiecte\study_contracts_gui\study_contracts_gui\x64\debug\study_co.51740102.tlog\uic.write.1u.tlog
